<?xml version="1.0" encoding="UTF-8"?>
<web-app version="3.0" xmlns="http://java.sun.com/xml/ns/javaee"
	xmlns:xsi="http://www.w3.org/2001/XMLSchema-instance"
	xsi:schemaLocation="http://java.sun.com/xml/ns/javaee http://java.sun.com/xml/ns/javaee/web-app_3_0.xsd"
	metadata-complete="true">

	<listener>
		<listener-class>org.springframework.web.context.ContextLoaderListener</listener-class>
	</listener>
	<filter>
		<filter-name>springSecurityFilterChain</filter-name>
		<filter-class>org.springframework.web.filter.DelegatingFilterProxy</filter-class>
		<async-supported>true</async-supported>
	</filter>
	<filter>
		<filter-name>cross-origin</filter-name>
		<filter-class>org.eclipse.jetty.servlets.CrossOriginFilter</filter-class>
		<async-supported>true</async-supported>
		<init-param>
			<param-name>allowedOrigins</param-name>
			<param-value>*</param-value>
		</init-param>
		<init-param>
			<param-name>allowedMethods</param-name>
			<param-value>GET,POST,DELETE,PUT,HEAD</param-value>
		</init-param>
		<init-param>
			<param-name>allowedHeaders</param-name>
			<param-value>origin, content-type, accept</param-value>
		</init-param>
	</filter>
	<context-param>
		<param-name>contextConfigLocation</param-name>
		<param-value>testApplication.xml</param-value>
	</context-param>

	<servlet>
		<servlet-name>jsontestme</servlet-name>
		<servlet-class>org.glassfish.jersey.servlet.ServletContainer</servlet-class>
		<init-param>
			<param-name>jersey.config.server.provider.packages</param-name>
			<param-value>com.keebraa.merch.server.rest,com.keebraa.merch.server.rest.ui,com.keebraa.merch.server.rest.filters</param-value>
		</init-param>
<!-- 		<init-param> -->
<!-- 			<param-name>jersey.config.server.provider.classnames</param-name> -->
<!-- 			<param-value>org.glassfish.jersey.server.mvc.freemarker.FreemarkerMvcFeature</param-value> -->
<!-- 		</init-param> -->

<!-- 		<init-param> -->
<!-- 			<param-name>jersey.config.server.mvc.templateBasePath.freemarker</param-name> -->
<!-- 			<param-value>/WEB-INF/view</param-value> -->
<!-- 		</init-param> -->
		<init-param>
			<param-name>jersey.config.server.provider.classnames</param-name>
			<param-value>org.glassfish.jersey.server.filter.RolesAllowedDynamicFeature</param-value>
		</init-param>
		<load-on-startup>1</load-on-startup>
	</servlet>

	<servlet-mapping>
		<servlet-name>jsontestme</servlet-name>
		<url-pattern>/*</url-pattern>
	</servlet-mapping>
	<filter-mapping>
		<filter-name>springSecurityFilterChain</filter-name>
		<url-pattern>/*</url-pattern>
	</filter-mapping>
	<filter-mapping>
		<filter-name>cross-origin</filter-name>
		<url-pattern>/*</url-pattern>
	</filter-mapping>
</web-app>